"../../../../../../Users/Gustavo Pierin/Documents/Unreal Projects/MaquinaDeEstados/Content/FirstPerson/Character/Mesh/SK_Mannequin_Arms_Skeleton.uasset" 0
"../../../../../../Users/Gustavo Pierin/Documents/Unreal Projects/MaquinaDeEstados/Content/FirstPerson/Animations/FirstPerson_Idle.uasset" 1
"../../../../../../Users/Gustavo Pierin/Documents/Unreal Projects/MaquinaDeEstados/Content/FirstPerson/Animations/FirstPerson_JumpEnd.uasset" 2
"../../../../../../Users/Gustavo Pierin/Documents/Unreal Projects/MaquinaDeEstados/Content/FirstPerson/Animations/FirstPerson_JumpLoop.uasset" 3
"../../../../../../Users/Gustavo Pierin/Documents/Unreal Projects/MaquinaDeEstados/Content/FirstPerson/Animations/FirstPerson_JumpStart.uasset" 4
"../../../../../../Users/Gustavo Pierin/Documents/Unreal Projects/MaquinaDeEstados/Content/FirstPerson/Animations/FirstPerson_Run.uasset" 5
"../../../Engine/Content/EditorBlueprintResources/StandardMacros.uasset" 6
"../../../../../../Users/Gustavo Pierin/Documents/Unreal Projects/MaquinaDeEstados/Content/FirstPerson/Animations/FirstPerson_AnimBP.uasset" 7
"../../../../../../Users/Gustavo Pierin/Documents/Unreal Projects/MaquinaDeEstados/Content/FirstPerson/Character/Mesh/FirstPersonAnimBlueprint_Copy.uasset" 8
"../../../../../../Users/Gustavo Pierin/Documents/Unreal Projects/MaquinaDeEstados/Content/FirstPerson/Character/Textures/UE4_LOGO_CARD.uasset" 9
"../../../../../../Users/Gustavo Pierin/Documents/Unreal Projects/MaquinaDeEstados/Content/FirstPerson/FPWeapon/Materials/MaterialLayers/ML_Plastic_Shiny_Beige_LOGO.uasset" 10
"../../../../../../Users/Gustavo Pierin/Documents/Unreal Projects/MaquinaDeEstados/Content/FirstPerson/FPWeapon/Materials/MaterialLayers/T_ML_FineRubber.uasset" 11
"../../../../../../Users/Gustavo Pierin/Documents/Unreal Projects/MaquinaDeEstados/Content/FirstPerson/FPWeapon/Mesh/SK_FPGun_PhysicsAsset.uasset" 12
"../../../../../../Users/Gustavo Pierin/Documents/Unreal Projects/MaquinaDeEstados/Content/FirstPersonBP/FirstPersonOverview.uasset" 13
"../../../../../../Users/Gustavo Pierin/Documents/Unreal Projects/MaquinaDeEstados/Content/FirstPersonBP/Blueprints/AI/BPE_ChangeStates.uasset" 14
"../../../../../../Users/Gustavo Pierin/Documents/Unreal Projects/MaquinaDeEstados/Content/FirstPersonBP/Blueprints/AI/BehaviorTree/BB_NPC.uasset" 15
"../../../../../../Users/Gustavo Pierin/Documents/Unreal Projects/MaquinaDeEstados/Content/FirstPersonBP/Blueprints/AI/BehaviorTree/Service/BTS_NPCMeleeRange.uasset" 16
"../../../../../../Users/Gustavo Pierin/Documents/Unreal Projects/MaquinaDeEstados/Content/Mannequin/Character/Mesh/UE4_Mannequin_Skeleton.uasset" 17
"../../../../../../Users/Gustavo Pierin/Documents/Unreal Projects/MaquinaDeEstados/Content/Mannequin/Animations/ThirdPerson_Jump.uasset" 18
"../../../../../../Users/Gustavo Pierin/Documents/Unreal Projects/MaquinaDeEstados/Content/Mannequin/Animations/ThirdPersonJump_Loop.uasset" 19
"../../../../../../Users/Gustavo Pierin/Documents/Unreal Projects/MaquinaDeEstados/Content/Mannequin/Animations/ThirdPersonJump_Start.uasset" 20
"../../../../../../Users/Gustavo Pierin/Documents/Unreal Projects/MaquinaDeEstados/Content/Mannequin/Animations/ThirdPersonIdle.uasset" 21
"../../../../../../Users/Gustavo Pierin/Documents/Unreal Projects/MaquinaDeEstados/Content/Mannequin/Animations/ThirdPersonRun.uasset" 22
"../../../../../../Users/Gustavo Pierin/Documents/Unreal Projects/MaquinaDeEstados/Content/Mannequin/Animations/ThirdPersonWalk.uasset" 23
"../../../../../../Users/Gustavo Pierin/Documents/Unreal Projects/MaquinaDeEstados/Content/Mannequin/Animations/ThirdPerson_IdleRun_2D.uasset" 24
"../../../../../../Users/Gustavo Pierin/Documents/Unreal Projects/MaquinaDeEstados/Content/Mannequin/Animations/ThirdPerson_AnimBP.uasset" 25
"../../../../../../Users/Gustavo Pierin/Documents/Unreal Projects/MaquinaDeEstados/Content/Mannequin/Animations/ThirdPerson_Attack.uasset" 26
"../../../../../../Users/Gustavo Pierin/Documents/Unreal Projects/MaquinaDeEstados/Content/Mannequin/Animations/ThirdPerson_Attack_Montage.uasset" 27
"../../../../../../Users/Gustavo Pierin/Documents/Unreal Projects/MaquinaDeEstados/Content/FirstPersonBP/Blueprints/AI/BP_PatrolPath.uasset" 28
"../../../../../../Users/Gustavo Pierin/Documents/Unreal Projects/MaquinaDeEstados/Content/FirstPersonBP/Blueprints/AI/BPI_Combat.uasset" 29
"../../../../../../Users/Gustavo Pierin/Documents/Unreal Projects/MaquinaDeEstados/Content/FirstPersonBP/Blueprints/BPI_Damage.uasset" 30
"../../../../../../Users/Gustavo Pierin/Documents/Unreal Projects/MaquinaDeEstados/Content/FirstPerson/Animations/FirstPerson_Fire.uasset" 31
"../../../../../../Users/Gustavo Pierin/Documents/Unreal Projects/MaquinaDeEstados/Content/FirstPerson/Animations/FirstPersonFire_Montage.uasset" 32
"../../../../../../Users/Gustavo Pierin/Documents/Unreal Projects/MaquinaDeEstados/Content/FirstPerson/Meshes/BaseMaterial.uasset" 33
"../../../../../../Users/Gustavo Pierin/Documents/Unreal Projects/MaquinaDeEstados/Content/FirstPerson/Meshes/FirstPersonProjectileMaterial.uasset" 34
"../../../../../../Users/Gustavo Pierin/Documents/Unreal Projects/MaquinaDeEstados/Content/FirstPerson/Meshes/FirstPersonProjectileMesh.uasset" 35
"../../../../../../Users/Gustavo Pierin/Documents/Unreal Projects/MaquinaDeEstados/Content/FirstPersonBP/Blueprints/FirstPersonProjectile.uasset" 36
"../../../../../../Users/Gustavo Pierin/Documents/Unreal Projects/MaquinaDeEstados/Content/FirstPerson/Audio/FirstPersonTemplateWeaponFire02.uasset" 37
"../../../../../../Users/Gustavo Pierin/Documents/Unreal Projects/MaquinaDeEstados/Content/FirstPerson/Audio/Knock_Sound.uasset" 38
"../../../Engine/Content/Functions/Engine_MaterialFunctions02/Utility/BlendAngleCorrectedNormals.uasset" 39
"../../../Engine/Content/Functions/MaterialLayerFunctions/MatLayerBlend_NormalBlend.uasset" 40
"../../../Engine/Content/Functions/MaterialLayerFunctions/MatLayerBlend_Simple.uasset" 41
"../../../../../../Users/Gustavo Pierin/Documents/Unreal Projects/MaquinaDeEstados/Content/FirstPerson/Character/Materials/MaterialLayers/T_ML_Rubber_Blue_01_D.uasset" 42
"../../../../../../Users/Gustavo Pierin/Documents/Unreal Projects/MaquinaDeEstados/Content/FirstPerson/Character/Materials/MaterialLayers/T_ML_Rubber_Blue_01_N.uasset" 43
"../../../../../../Users/Gustavo Pierin/Documents/Unreal Projects/MaquinaDeEstados/Content/FirstPerson/Character/Materials/MaterialLayers/ML_GlossyBlack_Latex_UE4.uasset" 44
"../../../../../../Users/Gustavo Pierin/Documents/Unreal Projects/MaquinaDeEstados/Content/FirstPerson/Character/Materials/MaterialLayers/ML_Plastic_Shiny_Beige.uasset" 45
"../../../../../../Users/Gustavo Pierin/Documents/Unreal Projects/MaquinaDeEstados/Content/FirstPerson/Character/Materials/MaterialLayers/ML_Plastic_Shiny_Beige_LOGO.uasset" 46
"../../../../../../Users/Gustavo Pierin/Documents/Unreal Projects/MaquinaDeEstados/Content/FirstPerson/Character/Materials/MaterialLayers/T_ML_Aluminum01.uasset" 47
"../../../../../../Users/Gustavo Pierin/Documents/Unreal Projects/MaquinaDeEstados/Content/FirstPerson/Character/Materials/MaterialLayers/T_ML_Aluminum01_N.uasset" 48
"../../../../../../Users/Gustavo Pierin/Documents/Unreal Projects/MaquinaDeEstados/Content/FirstPerson/Character/Materials/MaterialLayers/ML_SoftMetal_UE4.uasset" 49
"../../../../../../Users/Gustavo Pierin/Documents/Unreal Projects/MaquinaDeEstados/Content/FirstPerson/Character/Textures/UE4_Mannequin__normals.uasset" 50
"../../../../../../Users/Gustavo Pierin/Documents/Unreal Projects/MaquinaDeEstados/Content/FirstPerson/Character/Textures/UE4_Mannequin_MAT_MASKA.uasset" 51
"../../../../../../Users/Gustavo Pierin/Documents/Unreal Projects/MaquinaDeEstados/Content/FirstPerson/Character/Materials/M_UE4Man_Body.uasset" 52
"../../../../../../Users/Gustavo Pierin/Documents/Unreal Projects/MaquinaDeEstados/Content/FirstPerson/Character/Mesh/SK_Mannequin_Arms_PhysicsAsset.uasset" 53
"../../../../../../Users/Gustavo Pierin/Documents/Unreal Projects/MaquinaDeEstados/Content/FirstPerson/Character/Mesh/SK_Mannequin_Arms.uasset" 54
"../../../../../../Users/Gustavo Pierin/Documents/Unreal Projects/MaquinaDeEstados/Content/FirstPerson/FPWeapon/Materials/MaterialLayers/T_ML_Rubber_Blue_01_D.uasset" 55
"../../../../../../Users/Gustavo Pierin/Documents/Unreal Projects/MaquinaDeEstados/Content/FirstPerson/FPWeapon/Materials/MaterialLayers/T_ML_Rubber_Blue_01_N.uasset" 56
"../../../../../../Users/Gustavo Pierin/Documents/Unreal Projects/MaquinaDeEstados/Content/FirstPerson/FPWeapon/Materials/MaterialLayers/ML_GlossyBlack_Latex_UE4.uasset" 57
"../../../../../../Users/Gustavo Pierin/Documents/Unreal Projects/MaquinaDeEstados/Content/FirstPerson/FPWeapon/Materials/MaterialLayers/ML_Plastic_Shiny_Beige.uasset" 58
"../../../../../../Users/Gustavo Pierin/Documents/Unreal Projects/MaquinaDeEstados/Content/FirstPerson/FPWeapon/Materials/MaterialLayers/ML_Screen.uasset" 59
"../../../../../../Users/Gustavo Pierin/Documents/Unreal Projects/MaquinaDeEstados/Content/FirstPerson/FPWeapon/Materials/MaterialLayers/T_ML_Aluminum01.uasset" 60
"../../../../../../Users/Gustavo Pierin/Documents/Unreal Projects/MaquinaDeEstados/Content/FirstPerson/FPWeapon/Materials/MaterialLayers/T_ML_Aluminum01_N.uasset" 61
"../../../../../../Users/Gustavo Pierin/Documents/Unreal Projects/MaquinaDeEstados/Content/FirstPerson/FPWeapon/Materials/MaterialLayers/ML_SoftMetal_UE4.uasset" 62
"../../../../../../Users/Gustavo Pierin/Documents/Unreal Projects/MaquinaDeEstados/Content/FirstPerson/FPWeapon/Textures/T_FPGun_M.uasset" 63
"../../../../../../Users/Gustavo Pierin/Documents/Unreal Projects/MaquinaDeEstados/Content/FirstPerson/FPWeapon/Textures/T_FPGun_N.uasset" 64
"../../../../../../Users/Gustavo Pierin/Documents/Unreal Projects/MaquinaDeEstados/Content/FirstPerson/FPWeapon/Materials/M_FPGun.uasset" 65
"../../../../../../Users/Gustavo Pierin/Documents/Unreal Projects/MaquinaDeEstados/Content/FirstPerson/FPWeapon/Mesh/SK_FPGun_Skeleton.uasset" 66
"../../../../../../Users/Gustavo Pierin/Documents/Unreal Projects/MaquinaDeEstados/Content/FirstPerson/FPWeapon/Mesh/SK_FPGun.uasset" 67
"../../../../../../Users/Gustavo Pierin/Documents/Unreal Projects/MaquinaDeEstados/Content/FirstPersonBP/Blueprints/FirstPersonCharacter.uasset" 68
"../../../../../../Users/Gustavo Pierin/Documents/Unreal Projects/MaquinaDeEstados/Content/Mannequin/Character/Materials/MaterialLayers/T_ML_Rubber_Blue_01_D.uasset" 69
"../../../../../../Users/Gustavo Pierin/Documents/Unreal Projects/MaquinaDeEstados/Content/Mannequin/Character/Materials/MaterialLayers/T_ML_Rubber_Blue_01_N.uasset" 70
"../../../../../../Users/Gustavo Pierin/Documents/Unreal Projects/MaquinaDeEstados/Content/Mannequin/Character/Materials/MaterialLayers/ML_GlossyBlack_Latex_UE4.uasset" 71
"../../../../../../Users/Gustavo Pierin/Documents/Unreal Projects/MaquinaDeEstados/Content/Mannequin/Character/Materials/MaterialLayers/ML_Plastic_Shiny_Beige.uasset" 72
"../../../../../../Users/Gustavo Pierin/Documents/Unreal Projects/MaquinaDeEstados/Content/Mannequin/Character/Textures/UE4_LOGO_CARD.uasset" 73
"../../../../../../Users/Gustavo Pierin/Documents/Unreal Projects/MaquinaDeEstados/Content/Mannequin/Character/Materials/MaterialLayers/ML_Plastic_Shiny_Beige_LOGO.uasset" 74
"../../../../../../Users/Gustavo Pierin/Documents/Unreal Projects/MaquinaDeEstados/Content/Mannequin/Character/Materials/MaterialLayers/T_ML_Aluminum01.uasset" 75
"../../../../../../Users/Gustavo Pierin/Documents/Unreal Projects/MaquinaDeEstados/Content/Mannequin/Character/Materials/MaterialLayers/T_ML_Aluminum01_N.uasset" 76
"../../../../../../Users/Gustavo Pierin/Documents/Unreal Projects/MaquinaDeEstados/Content/Mannequin/Character/Materials/MaterialLayers/ML_SoftMetal_UE4.uasset" 77
"../../../../../../Users/Gustavo Pierin/Documents/Unreal Projects/MaquinaDeEstados/Content/Mannequin/Character/Textures/UE4_Mannequin__normals.uasset" 78
"../../../../../../Users/Gustavo Pierin/Documents/Unreal Projects/MaquinaDeEstados/Content/Mannequin/Character/Textures/UE4_Mannequin_MAT_MASKA.uasset" 79
"../../../../../../Users/Gustavo Pierin/Documents/Unreal Projects/MaquinaDeEstados/Content/Mannequin/Character/Materials/M_UE4Man_Body.uasset" 80
"../../../../../../Users/Gustavo Pierin/Documents/Unreal Projects/MaquinaDeEstados/Content/Mannequin/Character/Textures/UE4Man_Logo_N.uasset" 81
"../../../../../../Users/Gustavo Pierin/Documents/Unreal Projects/MaquinaDeEstados/Content/Mannequin/Character/Materials/M_UE4Man_ChestLogo.uasset" 82
"../../../../../../Users/Gustavo Pierin/Documents/Unreal Projects/MaquinaDeEstados/Content/Mannequin/Character/Mesh/SK_Mannequin_PhysicsAsset.uasset" 83
"../../../../../../Users/Gustavo Pierin/Documents/Unreal Projects/MaquinaDeEstados/Content/Mannequin/Character/Mesh/SK_Mannequin.uasset" 84
"../../../../../../Users/Gustavo Pierin/Documents/Unreal Projects/MaquinaDeEstados/Content/FirstPersonBP/Blueprints/AI/BP_NPC.uasset" 85
"../../../../../../Users/Gustavo Pierin/Documents/Unreal Projects/MaquinaDeEstados/Content/FirstPersonBP/Blueprints/AI/BehaviorTree/Service/BTS_NPCSpeed.uasset" 86
"../../../../../../Users/Gustavo Pierin/Documents/Unreal Projects/MaquinaDeEstados/Content/FirstPersonBP/Blueprints/AI/BehaviorTree/Tasks/BTT_ChangeStates.uasset" 87
"../../../../../../Users/Gustavo Pierin/Documents/Unreal Projects/MaquinaDeEstados/Content/FirstPersonBP/Blueprints/AI/BehaviorTree/Tasks/BTT_MeleeAttack.uasset" 88
"../../../../../../Users/Gustavo Pierin/Documents/Unreal Projects/MaquinaDeEstados/Content/FirstPersonBP/Blueprints/AI/BehaviorTree/Tasks/BTT_Patrol.uasset" 89
"../../../../../../Users/Gustavo Pierin/Documents/Unreal Projects/MaquinaDeEstados/Content/FirstPersonBP/Blueprints/AI/BehaviorTree/Tasks/BTT_PatrolIncrementIndex.uasset" 90
"../../../../../../Users/Gustavo Pierin/Documents/Unreal Projects/MaquinaDeEstados/Content/FirstPersonBP/Blueprints/AI/BehaviorTree/Tasks/BTT_StopInvestigation.uasset" 91
"../../../../../../Users/Gustavo Pierin/Documents/Unreal Projects/MaquinaDeEstados/Content/FirstPersonBP/Blueprints/AI/BehaviorTree/Tasks/BTT_Wander.uasset" 92
"../../../../../../Users/Gustavo Pierin/Documents/Unreal Projects/MaquinaDeEstados/Content/FirstPersonBP/Blueprints/AI/BehaviorTree/BT_NPC.uasset" 93
"../../../../../../Users/Gustavo Pierin/Documents/Unreal Projects/MaquinaDeEstados/Content/FirstPersonBP/Blueprints/AI/BPC_NPC.uasset" 94
"../../../../../../Users/Gustavo Pierin/Documents/Unreal Projects/MaquinaDeEstados/Content/FirstPersonBP/Blueprints/BPC_NPC.uasset" 95
"../../../../../../Users/Gustavo Pierin/Documents/Unreal Projects/MaquinaDeEstados/Content/FirstPersonBP/Blueprints/BP_NPC.uasset" 96
"../../../../../../Users/Gustavo Pierin/Documents/Unreal Projects/MaquinaDeEstados/Content/Geometry/Meshes/CubeMaterial.uasset" 97
"../../../../../../Users/Gustavo Pierin/Documents/Unreal Projects/MaquinaDeEstados/Content/Geometry/Meshes/1M_Cube_Chamfer.uasset" 98
"../../../../../../Users/Gustavo Pierin/Documents/Unreal Projects/MaquinaDeEstados/Content/Geometry/Meshes/TemplateFloor.uasset" 99
"../../../Engine/Content/Animation/DefaultAnimCurveCompressionSettings.uasset" 100
"../../../Engine/Content/Functions/Engine_MaterialFunctions01/Opacity/CameraDepthFade.uasset" 101
"../../../Engine/Content/EngineMaterials/T_Default_Material_Grid_M.uasset" 102
"../../../Engine/Content/EngineMaterials/T_Default_Material_Grid_N.uasset" 103
"../../../Engine/Content/EngineMaterials/WorldGridMaterial.uasset" 104
"../../../Engine/Content/ArtTools/RenderToTexture/Meshes/S_1_Unit_Plane.uasset" 105
"../../../Engine/Content/EngineMaterials/DefaultMaterial.uasset" 106
"../../../Engine/Content/BasicShapes/Cone.uasset" 107
"../../../Engine/Content/BasicShapes/Cube.uasset" 108
"../../../Engine/Content/BasicShapes/Cylinder.uasset" 109
"../../../Engine/Content/BasicShapes/Plane.uasset" 110
"../../../Engine/Content/BasicShapes/Sphere.uasset" 111
"../../../Engine/Content/EditorLandscapeResources/DataLayer.uasset" 112
"../../../Engine/Content/EditorMaterials/MAT_Groups_Toggle.uasset" 113
"../../../Engine/Content/EditorMaterials/MAT_Groups_Visibility.uasset" 114
"../../../Engine/Content/EditorMaterials/PreviewShadowIndicator.uasset" 115
"../../../Engine/Content/EditorMaterials/PreviewShadowIndicatorMaterial.uasset" 116
"../../../Engine/Content/EditorMaterials/MatineeGroups/MAT_ColorTrack.uasset" 117
"../../../Engine/Content/EditorMaterials/MatineeGroups/MAT_Groups_Anim.uasset" 118
"../../../Engine/Content/EditorMaterials/MatineeGroups/MAT_Groups_AudioMaster.uasset" 119
"../../../Engine/Content/EditorMaterials/MatineeGroups/MAT_Groups_Director.uasset" 120
"../../../Engine/Content/EditorMaterials/MatineeGroups/MAT_Groups_Event.uasset" 121
"../../../Engine/Content/EditorMaterials/MatineeGroups/MAT_Groups_Fade.uasset" 122
"../../../Engine/Content/EditorMaterials/MatineeGroups/MAT_Groups_Float.uasset" 123
"../../../Engine/Content/EditorMaterials/MatineeGroups/MAT_Groups_Move.uasset" 124
"../../../Engine/Content/EditorMaterials/MatineeGroups/MAT_Groups_Slomo.uasset" 125
"../../../Engine/Content/EditorMaterials/MatineeGroups/MAT_Groups_Sound.uasset" 126
"../../../Engine/Content/EditorMaterials/MatineeGroups/MAT_Groups_Vector.uasset" 127
"../../../Engine/Content/EditorMaterials/ParticleSystems/PSysThumbnail_NoImage.uasset" 128
"../../../Engine/Content/EditorMaterials/ParticleSystems/PSysThumbnail_OOD.uasset" 129
"../../../Engine/Content/EditorMaterials/Camera/CineMat.uasset" 130
"../../../Engine/Content/EditorMaterials/Camera/MI_CineMat_Rig.uasset" 131
"../../../Engine/Content/EditorMeshes/Camera/SM_CraneRig_Arm.uasset" 132
"../../../Engine/Content/EditorMeshes/Camera/SM_CraneRig_Base.uasset" 133
"../../../Engine/Content/EditorMeshes/Camera/SM_CraneRig_Body.uasset" 134
"../../../Engine/Content/EditorMeshes/Camera/SM_CraneRig_Mount.uasset" 135
"../../../Engine/Content/EditorMeshes/Camera/SM_RailRig_Mount.uasset" 136
"../../../Engine/Content/EditorMeshes/Camera/SM_RailRig_Track.uasset" 137
"../../../Engine/Content/EditorResources/BSPVertex.uasset" 138
"../../../Engine/Content/EditorResources/EmptyActor.uasset" 139
"../../../Engine/Content/EditorResources/S_Actor.uasset" 140
"../../../Engine/Content/EditorResources/S_Note.uasset" 141
"../../../Engine/Content/EditorResources/S_Solver.uasset" 142
"../../../Engine/Content/EditorResources/S_Trigger.uasset" 143
"../../../Engine/Content/EditorResources/LightIcons/S_LightError.uasset" 144
"../../../Engine/Content/EditorResources/SequenceRecorder/Countdown.uasset" 145
"../../../Engine/Content/EditorResources/SequenceRecorder/RecordingIndicator.uasset" 146
"../../../Engine/Content/EditorSounds/Notifications/CompileFailed.uasset" 147
"../../../Engine/Content/EditorSounds/Notifications/CompileFailed_Cue.uasset" 148
"../../../Engine/Content/EditorSounds/Notifications/CompileSuccess.uasset" 149
"../../../Engine/Content/EditorSounds/Notifications/CompileStart_Cue.uasset" 150
"../../../Engine/Content/EditorSounds/Notifications/CompileSuccess_Cue.uasset" 151
"../../../Engine/Content/EngineDamageTypes/DmgTypeBP_Environmental.uasset" 152
"../../../Engine/Content/EngineDebugMaterials/DebugEditorMaterial.uasset" 153
"../../../Engine/Content/EngineDebugMaterials/DebugMeshMaterial.uasset" 154
"../../../Engine/Content/EngineDebugMaterials/M_SimpleTranslucent.uasset" 155
"../../../Engine/Content/Functions/Engine_MaterialFunctions02/Utility/CameraDirectionVector.uasset" 156
"../../../Engine/Content/EngineDebugMaterials/VolumeToRender.uasset" 157
"../../../Engine/Content/EngineDebugMaterials/M_VolumeRenderSphereTracePP.uasset" 158
"../../../Engine/Content/EngineDebugMaterials/WireframeMaterial.uasset" 159
"../../../Engine/Content/EngineFonts/Faces/DroidSansFallback.uasset" 160
"../../../Engine/Content/EngineFonts/Faces/RobotoBold.uasset" 161
"../../../Engine/Content/EngineFonts/Faces/RobotoBoldItalic.uasset" 162
"../../../Engine/Content/EngineFonts/Faces/RobotoItalic.uasset" 163
"../../../Engine/Content/EngineFonts/Faces/RobotoLight.uasset" 164
"../../../Engine/Content/EngineFonts/Faces/RobotoRegular.uasset" 165
"../../../Engine/Content/EngineFonts/Roboto.uasset" 166
"../../../Engine/Content/EngineMaterials/BaseFlattenDiffuseMap.uasset" 167
"../../../Engine/Content/EngineMaterials/BaseFlattenEmissiveMap.uasset" 168
"../../../Engine/Content/EngineMaterials/BaseFlattenGrayscaleMap.uasset" 169
"../../../Engine/Content/EngineMaterials/BaseFlattenNormalMap.uasset" 170
"../../../Engine/Content/EngineMaterials/BaseFlattenMaterial.uasset" 171
"../../../Engine/Content/EngineMaterials/BlueNoise.uasset" 172
"../../../Engine/Content/EngineMaterials/DefaultBloomKernel.uasset" 173
"../../../Engine/Content/EngineMaterials/DefaultBokeh.uasset" 174
"../../../Engine/Content/EngineMaterials/DefaultDiffuse.uasset" 175
"../../../Engine/Content/EngineMaterials/DefaultDeferredDecalMaterial.uasset" 176
"../../../Engine/Content/EngineMaterials/DefaultLightFunctionMaterial.uasset" 177
"../../../Engine/Content/EngineMaterials/DefaultPhysicalMaterial.uasset" 178
"../../../Engine/Content/Functions/Engine_MaterialFunctions02/Utility/BreakOutFloat2Components.uasset" 179
"../../../Engine/Content/EngineMaterials/DefaultPostProcessMaterial.uasset" 180
"../../../Engine/Content/EngineFonts/RobotoDistanceField.uasset" 181
"../../../Engine/Content/EngineMaterials/DefaultTextMaterialOpaque.uasset" 182
"../../../Engine/Content/EngineMaterials/DefaultVirtualTextureMaterial.uasset" 183
"../../../Engine/Content/EngineMaterials/DefaultWhiteGrid.uasset" 184
"../../../Engine/Content/EngineMaterials/DefaultWhiteGrid_Low.uasset" 185
"../../../Engine/Content/EngineMaterials/EmissiveMeshMaterial.uasset" 186
"../../../Engine/Content/EngineMaterials/GizmoMaterial.uasset" 187
"../../../Engine/Content/EngineMaterials/Good64x64TilingNoiseHighFreq.uasset" 188
"../../../Engine/Content/EngineMaterials/HairDefaultMaterial.uasset" 189
"../../../Engine/Content/EngineMaterials/MiniFont.uasset" 190
"../../../Engine/Content/EngineMaterials/InvalidLightmapSettings.uasset" 191
"../../../Engine/Content/EngineMaterials/M_InvalidLightmapSettings.uasset" 192
"../../../Engine/Content/Functions/Engine_MaterialFunctions02/WorldPositionOffset/CameraOffset.uasset" 193
"../../../Engine/Content/EngineMaterials/PhAT_JointLimitMaterial.uasset" 194
"../../../Engine/Content/EngineMaterials/PreintegratedSkinBRDF.uasset" 195
"../../../Engine/Content/EngineMaterials/RemoveSurfaceMaterial.uasset" 196
"../../../Engine/Content/EngineMaterials/WeightMapPlaceholderTexture.uasset" 197
"../../../Engine/Content/EngineResources/WhiteSquareTexture.uasset" 198
"../../../Engine/Content/EngineMaterials/Widget3DPassThrough.uasset" 199
"../../../Engine/Content/EngineMaterials/Widget3DPassThrough_Masked.uasset" 200
"../../../Engine/Content/EngineMaterials/Widget3DPassThrough_Opaque.uasset" 201
"../../../Engine/Content/EngineMaterials/Widget3DPassThrough_Masked_OneSided.uasset" 202
"../../../Engine/Content/EngineMaterials/Widget3DPassThrough_Opaque_OneSided.uasset" 203
"../../../Engine/Content/EngineMaterials/Widget3DPassThrough_Translucent.uasset" 204
"../../../Engine/Content/EngineMaterials/Widget3DPassThrough_Translucent_OneSided.uasset" 205
"../../../Engine/Content/EngineMeshes/Cylinder.uasset" 206
"../../../Engine/Content/EngineMeshes/Sphere.uasset" 207
"../../../Engine/Content/EngineResources/Black.uasset" 208
"../../../Engine/Content/EngineResources/DefaultTexture.uasset" 209
"../../../Engine/Content/EngineResources/DefaultTextureCube.uasset" 210
"../../../Engine/Content/EngineResources/DefaultVolumeTexture2D.uasset" 211
"../../../Engine/Content/EngineResources/DefaultVolumeTexture.uasset" 212
"../../../Engine/Content/EngineResources/GradientTexture0.uasset" 213
"../../../Engine/Content/EngineSounds/Master.uasset" 214
"../../../Engine/Content/Functions/Engine_MaterialFunctions01/Shading/ConvertFromDiffSpec.uasset" 215
"../../../Engine/Content/Functions/Engine_MaterialFunctions01/Shading/PowerToRoughness.uasset" 216
"../../../Engine/Content/Maps/Templates/Thumbnails/Default.uasset" 217
"../../../Engine/Content/Maps/Templates/Thumbnails/TimeOfDay.uasset" 218
"../../../Engine/Content/Maps/Templates/Thumbnails/VR-Basic.uasset" 219
"../../../Engine/Content/MobileResources/T_MobileControls_texture.uasset" 220
"../../../Engine/Content/MobileResources/T_MobileMenu2.uasset" 221
"../../../Engine/Content/MobileResources/HUD/AnalogHat.uasset" 222
"../../../Engine/Content/MobileResources/HUD/VirtualJoystick_Background.uasset" 223
"../../../Engine/Content/MobileResources/HUD/VirtualJoystick_Thumb.uasset" 224
"../../../Engine/Content/MobileResources/HUD/DefaultVirtualJoysticks.uasset" 225
"../../../Engine/Content/MobileResources/HUD/LeftVirtualJoystickOnly.uasset" 226
"../../../Engine/Content/MobileResources/HUD/MobileHUDButton1_off.uasset" 227
"../../../Engine/Content/MobileResources/HUD/MobileHUDButton1_on.uasset" 228
"../../../Engine/Content/MobileResources/HUD/MobileHUDButton2_off.uasset" 229
"../../../Engine/Content/MobileResources/HUD/MobileHUDButton2_on.uasset" 230
"../../../Engine/Content/MobileResources/HUD/MobileHUDButton3.uasset" 231
"../../../Engine/Content/MobileResources/HUD/MobileHUDButtonFire.uasset" 232
"../../../Engine/Content/MobileResources/HUD/MobileHUDDirectionPad.uasset" 233
"../../../Engine/Content/MobileResources/HUD/MobileHUDDirectionPad2.uasset" 234
"../../../Engine/Content/MobileResources/HUD/MobileHUDDirectionPad3.uasset" 235
"../../../Engine/Content/MobileResources/HUD/MobileHUDDirectionStick.uasset" 236
"../../../Engine/Content/MobileResources/HUD/T_Castle_ThumbstickInner.uasset" 237
"../../../Engine/Content/MobileResources/HUD/T_Castle_ThumbstickOutter.uasset" 238
"../../../Engine/Content/Tutorial/ContentIntroCurve.uasset" 239
"../../../Engine/Content/Tutorial/Basics/LevelEditorAttract.uasset" 240
"../../../Engine/Content/Tutorial/Basics/TutorialAssets/icon_tab_Levels_40x.uasset" 241
"../../../Engine/Content/Tutorial/Basics/LevelEditorOverview.uasset" 242
"../../../Engine/Content/Tutorial/BlueprintTutorials/TutorialAssets/Blueprint_64x.uasset" 243
"../../../Engine/Content/Tutorial/BlueprintTutorials/BlueprintEditorTutorial.uasset" 244
"../../../Engine/Content/Tutorial/Installation/InstallingVisualStudioTutorial.uasset" 245
"../../../Engine/Content/VREditor/LaserPointer/VR_LaserPower_01.uasset" 246
"../../../Engine/Content/VREditor/TransformGizmo/TransformGizmoMaterial.uasset" 247
"../../../Engine/Content/VREditor/TransformGizmo/TranslucentTransformGizmoMaterial.uasset" 248
"../../../Engine/Content/VREditor/TransformGizmo/BoundingBoxCorner.uasset" 249
"../../../Engine/Content/VREditor/TransformGizmo/BoundingBoxEdge.uasset" 250
"../../../Engine/Content/VREditor/TransformGizmo/PlaneTranslationHandle.uasset" 251
"../../../Engine/Content/VREditor/TransformGizmo/Main.uasset" 252
"../../../Engine/Content/VREditor/TransformGizmo/Xray.uasset" 253
"../../../Engine/Content/VREditor/TransformGizmo/SM_Sequencer_Key.uasset" 254
"../../../Engine/Content/VREditor/TransformGizmo/SM_Sequencer_Node.uasset" 255
"../../Plugins/2D/Paper2D/Content/PlaceholderTextures/DummySpriteTexture.uasset" 256
"../../Plugins/2D/Paper2D/Content/DummySprite.uasset" 257
"../../Plugins/2D/Paper2D/Content/DefaultPaperTerrainMaterial.uasset" 258
"../../Plugins/2D/Paper2D/Content/DummySpriteTexture.uasset" 259
"../../Plugins/2D/Paper2D/Content/DefaultSpriteMaterial.uasset" 260
"../../Plugins/2D/Paper2D/Content/MaskedUnlitSpriteMaterial.uasset" 261
"../../Plugins/2D/Paper2D/Content/OpaqueUnlitSpriteMaterial.uasset" 262
"../../../Engine/Content/Functions/Engine_MaterialFunctions02/Utility/BreakOutFloat4Components.uasset" 263
"../../../Engine/Content/Functions/Engine_MaterialFunctions02/Utility/MakeFloat2.uasset" 264
"../../../Engine/Content/Functions/Engine_MaterialFunctions02/Utility/MakeFloat3.uasset" 265
"../../Plugins/Runtime/Oculus/OculusVR/Content/Materials/OculusMR_ChromaKey.uasset" 266
"../../Plugins/Runtime/Oculus/OculusVR/Content/Materials/OculusMR_ChromaKey_Lit.uasset" 267
"../../Plugins/Runtime/Oculus/OculusVR/Content/Materials/OculusMR_OpaqueColoredMaterial.uasset" 268
"../../Plugins/Runtime/Oculus/OculusVR/Content/Materials/OculusMR_WhiteMaterial.uasset" 269
"../../../Engine/Content/EngineSky/C_Sky_Cloud_Color.uasset" 270
"../../../Engine/Content/EngineSky/C_Sky_Horizon_Color.uasset" 271
"../../../Engine/Content/EngineSky/C_Sky_Zenith_Color.uasset" 272
"../../../Engine/Content/EngineSky/T_Sky_Blue.uasset" 273
"../../../Engine/Content/EngineSky/T_Sky_Clouds_M.uasset" 274
"../../../Engine/Content/EngineSky/T_Sky_Stars.uasset" 275
"../../../Engine/Content/EngineSky/M_Sky_Panning_Clouds2.uasset" 276
"../../../Engine/Content/EngineSky/SM_SkySphere.uasset" 277
"../../../Engine/Content/EngineSky/BP_Sky_Sphere.uasset" 278
"../../../../../../Users/Gustavo Pierin/Documents/Unreal Projects/MaquinaDeEstados/Content/FirstPerson/Textures/FirstPersonCrosshair.uasset" 279
"../../../../../../Users/Gustavo Pierin/Documents/Unreal Projects/MaquinaDeEstados/Content/FirstPersonBP/Blueprints/FirstPersonHUD.uasset" 280
"../../../../../../Users/Gustavo Pierin/Documents/Unreal Projects/MaquinaDeEstados/Content/FirstPersonBP/Blueprints/FirstPersonGameMode.uasset" 281
"../../../../../../Users/Gustavo Pierin/Documents/Unreal Projects/MaquinaDeEstados/Content/FirstPersonBP/Maps/MaquinaDeEstadosMap_BuiltData.uasset" 282
"../../../Engine/Content/Functions/Engine_MaterialFunctions03/Procedurals/ComputeFilterWidth.uasset" 283
"../../../Engine/Content/EngineMaterials/AntiAliasedTextMaterialTranslucent.uasset" 284
"../../../../../../Users/Gustavo Pierin/Documents/Unreal Projects/MaquinaDeEstados/Content/FirstPerson/Meshes/CubeMaterialOverride.uasset" 285
"../../../../../../Users/Gustavo Pierin/Documents/Unreal Projects/MaquinaDeEstados/Content/Geometry/Meshes/1M_Cube.uasset" 286
"../../../../../../Users/Gustavo Pierin/Documents/Unreal Projects/MaquinaDeEstados/Content/FirstPersonBP/Maps/MaquinaDeEstadosMap.umap" 287
"../../../Engine/Content/Maps/Entry_BuiltData.uasset" 288
"../../../Engine/Content/Maps/Entry.umap" 289
